Analysis & Synthesis report for semaforo
Tue Jul 02 18:21:22 2019
Quartus Prime Version 18.1.0 Build 625 09/12/2018 SJ Lite Edition


---------------------
; Table of Contents ;
---------------------
  1. Legal Notice
  2. Analysis & Synthesis Summary
  3. Analysis & Synthesis Settings
  4. Parallel Compilation
  5. Analysis & Synthesis Source Files Read
  6. Analysis & Synthesis Resource Usage Summary
  7. Analysis & Synthesis Resource Utilization by Entity
  8. User-Specified and Inferred Latches
  9. Registers Removed During Synthesis
 10. General Register Statistics
 11. Inverted Register Statistics
 12. Multiplexer Restructuring Statistics (Restructuring Performed)
 13. Parameter Settings for Inferred Entity Instance: lpm_divide:Div0
 14. Parameter Settings for Inferred Entity Instance: lpm_divide:Mod0
 15. Parameter Settings for Inferred Entity Instance: lpm_divide:Div1
 16. Parameter Settings for Inferred Entity Instance: lpm_divide:Mod1
 17. Port Connectivity Checks: "displayDecoder:displayE"
 18. Port Connectivity Checks: "flip_flop:ff"
 19. Post-Synthesis Netlist Statistics for Top Partition
 20. Elapsed Time Per Partition
 21. Analysis & Synthesis Messages



----------------
; Legal Notice ;
----------------
Copyright (C) 2018  Intel Corporation. All rights reserved.
Your use of Intel Corporation's design tools, logic functions 
and other software and tools, and its AMPP partner logic 
functions, and any output files from any of the foregoing 
(including device programming or simulation files), and any 
associated documentation or information are expressly subject 
to the terms and conditions of the Intel Program License 
Subscription Agreement, the Intel Quartus Prime License Agreement,
the Intel FPGA IP License Agreement, or other applicable license
agreement, including, without limitation, that your use is for
the sole purpose of programming logic devices manufactured by
Intel and sold by Intel or its authorized distributors.  Please
refer to the applicable agreement for further details.



+----------------------------------------------------------------------------------+
; Analysis & Synthesis Summary                                                     ;
+------------------------------------+---------------------------------------------+
; Analysis & Synthesis Status        ; Successful - Tue Jul 02 18:21:21 2019       ;
; Quartus Prime Version              ; 18.1.0 Build 625 09/12/2018 SJ Lite Edition ;
; Revision Name                      ; semaforo                                    ;
; Top-level Entity Name              ; semaforo                                    ;
; Family                             ; MAX 10                                      ;
; Total logic elements               ; 4,852                                       ;
;     Total combinational functions  ; 4,852                                       ;
;     Dedicated logic registers      ; 122                                         ;
; Total registers                    ; 122                                         ;
; Total pins                         ; 55                                          ;
; Total virtual pins                 ; 0                                           ;
; Total memory bits                  ; 0                                           ;
; Embedded Multiplier 9-bit elements ; 0                                           ;
; Total PLLs                         ; 0                                           ;
; UFM blocks                         ; 0                                           ;
; ADC blocks                         ; 0                                           ;
+------------------------------------+---------------------------------------------+


+------------------------------------------------------------------------------------------------------------+
; Analysis & Synthesis Settings                                                                              ;
+------------------------------------------------------------------+--------------------+--------------------+
; Option                                                           ; Setting            ; Default Value      ;
+------------------------------------------------------------------+--------------------+--------------------+
; Device                                                           ; 10M50DAF484C7G     ;                    ;
; Top-level entity name                                            ; semaforo           ; semaforo           ;
; Family name                                                      ; MAX 10             ; Cyclone V          ;
; Use smart compilation                                            ; Off                ; Off                ;
; Enable parallel Assembler and Timing Analyzer during compilation ; On                 ; On                 ;
; Enable compact report table                                      ; Off                ; Off                ;
; Restructure Multiplexers                                         ; Auto               ; Auto               ;
; Create Debugging Nodes for IP Cores                              ; Off                ; Off                ;
; Preserve fewer node names                                        ; On                 ; On                 ;
; Intel FPGA IP Evaluation Mode                                    ; Enable             ; Enable             ;
; Verilog Version                                                  ; Verilog_2001       ; Verilog_2001       ;
; VHDL Version                                                     ; VHDL_1993          ; VHDL_1993          ;
; State Machine Processing                                         ; Auto               ; Auto               ;
; Safe State Machine                                               ; Off                ; Off                ;
; Extract Verilog State Machines                                   ; On                 ; On                 ;
; Extract VHDL State Machines                                      ; On                 ; On                 ;
; Ignore Verilog initial constructs                                ; Off                ; Off                ;
; Iteration limit for constant Verilog loops                       ; 5000               ; 5000               ;
; Iteration limit for non-constant Verilog loops                   ; 250                ; 250                ;
; Add Pass-Through Logic to Inferred RAMs                          ; On                 ; On                 ;
; Infer RAMs from Raw Logic                                        ; On                 ; On                 ;
; Parallel Synthesis                                               ; On                 ; On                 ;
; DSP Block Balancing                                              ; Auto               ; Auto               ;
; NOT Gate Push-Back                                               ; On                 ; On                 ;
; Power-Up Don't Care                                              ; On                 ; On                 ;
; Remove Redundant Logic Cells                                     ; Off                ; Off                ;
; Remove Duplicate Registers                                       ; On                 ; On                 ;
; Ignore CARRY Buffers                                             ; Off                ; Off                ;
; Ignore CASCADE Buffers                                           ; Off                ; Off                ;
; Ignore GLOBAL Buffers                                            ; Off                ; Off                ;
; Ignore ROW GLOBAL Buffers                                        ; Off                ; Off                ;
; Ignore LCELL Buffers                                             ; Off                ; Off                ;
; Ignore SOFT Buffers                                              ; On                 ; On                 ;
; Limit AHDL Integers to 32 Bits                                   ; Off                ; Off                ;
; Optimization Technique                                           ; Balanced           ; Balanced           ;
; Carry Chain Length                                               ; 70                 ; 70                 ;
; Auto Carry Chains                                                ; On                 ; On                 ;
; Auto Open-Drain Pins                                             ; On                 ; On                 ;
; Perform WYSIWYG Primitive Resynthesis                            ; Off                ; Off                ;
; Auto ROM Replacement                                             ; On                 ; On                 ;
; Auto RAM Replacement                                             ; On                 ; On                 ;
; Auto DSP Block Replacement                                       ; On                 ; On                 ;
; Auto Shift Register Replacement                                  ; Auto               ; Auto               ;
; Allow Shift Register Merging across Hierarchies                  ; Auto               ; Auto               ;
; Auto Clock Enable Replacement                                    ; On                 ; On                 ;
; Strict RAM Replacement                                           ; Off                ; Off                ;
; Allow Synchronous Control Signals                                ; On                 ; On                 ;
; Force Use of Synchronous Clear Signals                           ; Off                ; Off                ;
; Auto RAM Block Balancing                                         ; On                 ; On                 ;
; Auto RAM to Logic Cell Conversion                                ; Off                ; Off                ;
; Auto Resource Sharing                                            ; Off                ; Off                ;
; Allow Any RAM Size For Recognition                               ; Off                ; Off                ;
; Allow Any ROM Size For Recognition                               ; Off                ; Off                ;
; Allow Any Shift Register Size For Recognition                    ; Off                ; Off                ;
; Use LogicLock Constraints during Resource Balancing              ; On                 ; On                 ;
; Ignore translate_off and synthesis_off directives                ; Off                ; Off                ;
; Timing-Driven Synthesis                                          ; On                 ; On                 ;
; Report Parameter Settings                                        ; On                 ; On                 ;
; Report Source Assignments                                        ; On                 ; On                 ;
; Report Connectivity Checks                                       ; On                 ; On                 ;
; Ignore Maximum Fan-Out Assignments                               ; Off                ; Off                ;
; Synchronization Register Chain Length                            ; 2                  ; 2                  ;
; Power Optimization During Synthesis                              ; Normal compilation ; Normal compilation ;
; HDL message level                                                ; Level2             ; Level2             ;
; Suppress Register Optimization Related Messages                  ; Off                ; Off                ;
; Number of Removed Registers Reported in Synthesis Report         ; 5000               ; 5000               ;
; Number of Swept Nodes Reported in Synthesis Report               ; 5000               ; 5000               ;
; Number of Inverted Registers Reported in Synthesis Report        ; 100                ; 100                ;
; Clock MUX Protection                                             ; On                 ; On                 ;
; Auto Gated Clock Conversion                                      ; Off                ; Off                ;
; Block Design Naming                                              ; Auto               ; Auto               ;
; SDC constraint protection                                        ; Off                ; Off                ;
; Synthesis Effort                                                 ; Auto               ; Auto               ;
; Shift Register Replacement - Allow Asynchronous Clear Signal     ; On                 ; On                 ;
; Pre-Mapping Resynthesis Optimization                             ; Off                ; Off                ;
; Analysis & Synthesis Message Level                               ; Medium             ; Medium             ;
; Disable Register Merging Across Hierarchies                      ; Auto               ; Auto               ;
; Resource Aware Inference For Block RAM                           ; On                 ; On                 ;
+------------------------------------------------------------------+--------------------+--------------------+


+------------------------------------------+
; Parallel Compilation                     ;
+----------------------------+-------------+
; Processors                 ; Number      ;
+----------------------------+-------------+
; Number detected on machine ; 4           ;
; Maximum allowed            ; 2           ;
;                            ;             ;
; Average used               ; 1.00        ;
; Maximum used               ; 2           ;
;                            ;             ;
; Usage by Processor         ; % Time Used ;
;     Processor 1            ; 100.0%      ;
;     Processor 2            ;   0.0%      ;
+----------------------------+-------------+


+--------------------------------------------------------------------------------------------------------------------------------------------------------------------------+
; Analysis & Synthesis Source Files Read                                                                                                                                   ;
+----------------------------------+-----------------+------------------------------+----------------------------------------------------------------------------+---------+
; File Name with User-Entered Path ; Used in Netlist ; File Type                    ; File Name with Absolute Path                                               ; Library ;
+----------------------------------+-----------------+------------------------------+----------------------------------------------------------------------------+---------+
; semaforo.vhd                     ; yes             ; User VHDL File               ; C:/dev/vhdl/semaforo_inteligente/semaforo.vhd                              ;         ;
; flip_flop.vhd                    ; yes             ; User VHDL File               ; C:/dev/vhdl/semaforo_inteligente/flip_flop.vhd                             ;         ;
; divisor_freq.vhd                 ; yes             ; User VHDL File               ; C:/dev/vhdl/semaforo_inteligente/divisor_freq.vhd                          ;         ;
; decoder.vhd                      ; yes             ; User VHDL File               ; C:/dev/vhdl/semaforo_inteligente/decoder.vhd                               ;         ;
; decoder_ff.vhd                   ; yes             ; Auto-Found VHDL File         ; C:/dev/vhdl/semaforo_inteligente/decoder_ff.vhd                            ;         ;
; displaydecoder.vhd               ; yes             ; Auto-Found VHDL File         ; C:/dev/vhdl/semaforo_inteligente/displaydecoder.vhd                        ;         ;
; lpm_divide.tdf                   ; yes             ; Megafunction                 ; c:/intelfpga_lite/18.1/quartus/libraries/megafunctions/lpm_divide.tdf      ;         ;
; abs_divider.inc                  ; yes             ; Megafunction                 ; c:/intelfpga_lite/18.1/quartus/libraries/megafunctions/abs_divider.inc     ;         ;
; sign_div_unsign.inc              ; yes             ; Megafunction                 ; c:/intelfpga_lite/18.1/quartus/libraries/megafunctions/sign_div_unsign.inc ;         ;
; aglobal181.inc                   ; yes             ; Megafunction                 ; c:/intelfpga_lite/18.1/quartus/libraries/megafunctions/aglobal181.inc      ;         ;
; db/lpm_divide_fbo.tdf            ; yes             ; Auto-Generated Megafunction  ; C:/dev/vhdl/semaforo_inteligente/db/lpm_divide_fbo.tdf                     ;         ;
; db/abs_divider_kbg.tdf           ; yes             ; Auto-Generated Megafunction  ; C:/dev/vhdl/semaforo_inteligente/db/abs_divider_kbg.tdf                    ;         ;
; db/alt_u_div_she.tdf             ; yes             ; Auto-Generated Megafunction  ; C:/dev/vhdl/semaforo_inteligente/db/alt_u_div_she.tdf                      ;         ;
; db/add_sub_t3c.tdf               ; yes             ; Auto-Generated Megafunction  ; C:/dev/vhdl/semaforo_inteligente/db/add_sub_t3c.tdf                        ;         ;
; db/add_sub_u3c.tdf               ; yes             ; Auto-Generated Megafunction  ; C:/dev/vhdl/semaforo_inteligente/db/add_sub_u3c.tdf                        ;         ;
; db/lpm_abs_o99.tdf               ; yes             ; Auto-Generated Megafunction  ; C:/dev/vhdl/semaforo_inteligente/db/lpm_abs_o99.tdf                        ;         ;
; db/lpm_abs_8b9.tdf               ; yes             ; Auto-Generated Megafunction  ; C:/dev/vhdl/semaforo_inteligente/db/lpm_abs_8b9.tdf                        ;         ;
; db/lpm_divide_25o.tdf            ; yes             ; Auto-Generated Megafunction  ; C:/dev/vhdl/semaforo_inteligente/db/lpm_divide_25o.tdf                     ;         ;
; db/abs_divider_4dg.tdf           ; yes             ; Auto-Generated Megafunction  ; C:/dev/vhdl/semaforo_inteligente/db/abs_divider_4dg.tdf                    ;         ;
; db/alt_u_div_ske.tdf             ; yes             ; Auto-Generated Megafunction  ; C:/dev/vhdl/semaforo_inteligente/db/alt_u_div_ske.tdf                      ;         ;
+----------------------------------+-----------------+------------------------------+----------------------------------------------------------------------------+---------+


+---------------------------------------------------------+
; Analysis & Synthesis Resource Usage Summary             ;
+---------------------------------------------+-----------+
; Resource                                    ; Usage     ;
+---------------------------------------------+-----------+
; Estimated Total logic elements              ; 4,852     ;
;                                             ;           ;
; Total combinational functions               ; 4852      ;
; Logic element usage by number of LUT inputs ;           ;
;     -- 4 input functions                    ; 1590      ;
;     -- 3 input functions                    ; 1465      ;
;     -- <=2 input functions                  ; 1797      ;
;                                             ;           ;
; Logic elements by mode                      ;           ;
;     -- normal mode                          ; 3252      ;
;     -- arithmetic mode                      ; 1600      ;
;                                             ;           ;
; Total registers                             ; 122       ;
;     -- Dedicated logic registers            ; 122       ;
;     -- I/O registers                        ; 0         ;
;                                             ;           ;
; I/O pins                                    ; 55        ;
;                                             ;           ;
; Embedded Multiplier 9-bit elements          ; 0         ;
;                                             ;           ;
; Maximum fan-out node                        ; cont2[31] ;
; Maximum fan-out                             ; 203       ;
; Total fan-out                               ; 14546     ;
; Average fan-out                             ; 2.86      ;
+---------------------------------------------+-----------+


+--------------------------------------------------------------------------------------------------------------------------------------------------------------------------------------------------------------------------------------------------------------------------------------------------------------------------------------+
; Analysis & Synthesis Resource Utilization by Entity                                                                                                                                                                                                                                                                                  ;
+---------------------------------------+---------------------+---------------------------+-------------+------------+--------------+---------+-----------+------+--------------+------------+--------------------------------------------------------------------------------------------------------+-----------------+--------------+
; Compilation Hierarchy Node            ; Combinational ALUTs ; Dedicated Logic Registers ; Memory Bits ; UFM Blocks ; DSP Elements ; DSP 9x9 ; DSP 18x18 ; Pins ; Virtual Pins ; ADC blocks ; Full Hierarchy Name                                                                                    ; Entity Name     ; Library Name ;
+---------------------------------------+---------------------+---------------------------+-------------+------------+--------------+---------+-----------+------+--------------+------------+--------------------------------------------------------------------------------------------------------+-----------------+--------------+
; |semaforo                             ; 4852 (300)          ; 122 (95)                  ; 0           ; 0          ; 0            ; 0       ; 0         ; 55   ; 0            ; 0          ; |semaforo                                                                                              ; semaforo        ; work         ;
;    |decoder:dcd|                      ; 51 (51)             ; 0 (0)                     ; 0           ; 0          ; 0            ; 0       ; 0         ; 0    ; 0            ; 0          ; |semaforo|decoder:dcd                                                                                  ; decoder         ; work         ;
;    |decoder_ff:dcd_ff|                ; 12 (12)             ; 0 (0)                     ; 0           ; 0          ; 0            ; 0       ; 0         ; 0    ; 0            ; 0          ; |semaforo|decoder_ff:dcd_ff                                                                            ; decoder_ff      ; work         ;
;    |displayDecoder:displayA|          ; 39 (39)             ; 0 (0)                     ; 0           ; 0          ; 0            ; 0       ; 0         ; 0    ; 0            ; 0          ; |semaforo|displayDecoder:displayA                                                                      ; displayDecoder  ; work         ;
;    |displayDecoder:displayB|          ; 27 (27)             ; 0 (0)                     ; 0           ; 0          ; 0            ; 0       ; 0         ; 0    ; 0            ; 0          ; |semaforo|displayDecoder:displayB                                                                      ; displayDecoder  ; work         ;
;    |displayDecoder:displayC|          ; 39 (39)             ; 0 (0)                     ; 0           ; 0          ; 0            ; 0       ; 0         ; 0    ; 0            ; 0          ; |semaforo|displayDecoder:displayC                                                                      ; displayDecoder  ; work         ;
;    |displayDecoder:displayD|          ; 27 (27)             ; 0 (0)                     ; 0           ; 0          ; 0            ; 0       ; 0         ; 0    ; 0            ; 0          ; |semaforo|displayDecoder:displayD                                                                      ; displayDecoder  ; work         ;
;    |divisor_freq:clock_1sec|          ; 46 (46)             ; 26 (26)                   ; 0           ; 0          ; 0            ; 0       ; 0         ; 0    ; 0            ; 0          ; |semaforo|divisor_freq:clock_1sec                                                                      ; divisor_freq    ; work         ;
;    |flip_flop:ff|                     ; 1 (1)               ; 1 (1)                     ; 0           ; 0          ; 0            ; 0       ; 0         ; 0    ; 0            ; 0          ; |semaforo|flip_flop:ff                                                                                 ; flip_flop       ; work         ;
;    |lpm_divide:Div0|                  ; 485 (0)             ; 0 (0)                     ; 0           ; 0          ; 0            ; 0       ; 0         ; 0    ; 0            ; 0          ; |semaforo|lpm_divide:Div0                                                                              ; lpm_divide      ; work         ;
;       |lpm_divide_fbo:auto_generated| ; 485 (0)             ; 0 (0)                     ; 0           ; 0          ; 0            ; 0       ; 0         ; 0    ; 0            ; 0          ; |semaforo|lpm_divide:Div0|lpm_divide_fbo:auto_generated                                                ; lpm_divide_fbo  ; work         ;
;          |abs_divider_kbg:divider|    ; 485 (36)            ; 0 (0)                     ; 0           ; 0          ; 0            ; 0       ; 0         ; 0    ; 0            ; 0          ; |semaforo|lpm_divide:Div0|lpm_divide_fbo:auto_generated|abs_divider_kbg:divider                        ; abs_divider_kbg ; work         ;
;             |alt_u_div_she:divider|   ; 449 (449)           ; 0 (0)                     ; 0           ; 0          ; 0            ; 0       ; 0         ; 0    ; 0            ; 0          ; |semaforo|lpm_divide:Div0|lpm_divide_fbo:auto_generated|abs_divider_kbg:divider|alt_u_div_she:divider  ; alt_u_div_she   ; work         ;
;    |lpm_divide:Div1|                  ; 485 (0)             ; 0 (0)                     ; 0           ; 0          ; 0            ; 0       ; 0         ; 0    ; 0            ; 0          ; |semaforo|lpm_divide:Div1                                                                              ; lpm_divide      ; work         ;
;       |lpm_divide_fbo:auto_generated| ; 485 (0)             ; 0 (0)                     ; 0           ; 0          ; 0            ; 0       ; 0         ; 0    ; 0            ; 0          ; |semaforo|lpm_divide:Div1|lpm_divide_fbo:auto_generated                                                ; lpm_divide_fbo  ; work         ;
;          |abs_divider_kbg:divider|    ; 485 (36)            ; 0 (0)                     ; 0           ; 0          ; 0            ; 0       ; 0         ; 0    ; 0            ; 0          ; |semaforo|lpm_divide:Div1|lpm_divide_fbo:auto_generated|abs_divider_kbg:divider                        ; abs_divider_kbg ; work         ;
;             |alt_u_div_she:divider|   ; 449 (449)           ; 0 (0)                     ; 0           ; 0          ; 0            ; 0       ; 0         ; 0    ; 0            ; 0          ; |semaforo|lpm_divide:Div1|lpm_divide_fbo:auto_generated|abs_divider_kbg:divider|alt_u_div_she:divider  ; alt_u_div_she   ; work         ;
;    |lpm_divide:Mod0|                  ; 1670 (0)            ; 0 (0)                     ; 0           ; 0          ; 0            ; 0       ; 0         ; 0    ; 0            ; 0          ; |semaforo|lpm_divide:Mod0                                                                              ; lpm_divide      ; work         ;
;       |lpm_divide_25o:auto_generated| ; 1670 (0)            ; 0 (0)                     ; 0           ; 0          ; 0            ; 0       ; 0         ; 0    ; 0            ; 0          ; |semaforo|lpm_divide:Mod0|lpm_divide_25o:auto_generated                                                ; lpm_divide_25o  ; work         ;
;          |abs_divider_4dg:divider|    ; 1670 (64)           ; 0 (0)                     ; 0           ; 0          ; 0            ; 0       ; 0         ; 0    ; 0            ; 0          ; |semaforo|lpm_divide:Mod0|lpm_divide_25o:auto_generated|abs_divider_4dg:divider                        ; abs_divider_4dg ; work         ;
;             |alt_u_div_ske:divider|   ; 1566 (1566)         ; 0 (0)                     ; 0           ; 0          ; 0            ; 0       ; 0         ; 0    ; 0            ; 0          ; |semaforo|lpm_divide:Mod0|lpm_divide_25o:auto_generated|abs_divider_4dg:divider|alt_u_div_ske:divider  ; alt_u_div_ske   ; work         ;
;             |lpm_abs_8b9:my_abs_num|  ; 40 (40)             ; 0 (0)                     ; 0           ; 0          ; 0            ; 0       ; 0         ; 0    ; 0            ; 0          ; |semaforo|lpm_divide:Mod0|lpm_divide_25o:auto_generated|abs_divider_4dg:divider|lpm_abs_8b9:my_abs_num ; lpm_abs_8b9     ; work         ;
;    |lpm_divide:Mod1|                  ; 1670 (0)            ; 0 (0)                     ; 0           ; 0          ; 0            ; 0       ; 0         ; 0    ; 0            ; 0          ; |semaforo|lpm_divide:Mod1                                                                              ; lpm_divide      ; work         ;
;       |lpm_divide_25o:auto_generated| ; 1670 (0)            ; 0 (0)                     ; 0           ; 0          ; 0            ; 0       ; 0         ; 0    ; 0            ; 0          ; |semaforo|lpm_divide:Mod1|lpm_divide_25o:auto_generated                                                ; lpm_divide_25o  ; work         ;
;          |abs_divider_4dg:divider|    ; 1670 (64)           ; 0 (0)                     ; 0           ; 0          ; 0            ; 0       ; 0         ; 0    ; 0            ; 0          ; |semaforo|lpm_divide:Mod1|lpm_divide_25o:auto_generated|abs_divider_4dg:divider                        ; abs_divider_4dg ; work         ;
;             |alt_u_div_ske:divider|   ; 1566 (1566)         ; 0 (0)                     ; 0           ; 0          ; 0            ; 0       ; 0         ; 0    ; 0            ; 0          ; |semaforo|lpm_divide:Mod1|lpm_divide_25o:auto_generated|abs_divider_4dg:divider|alt_u_div_ske:divider  ; alt_u_div_ske   ; work         ;
;             |lpm_abs_8b9:my_abs_num|  ; 40 (40)             ; 0 (0)                     ; 0           ; 0          ; 0            ; 0       ; 0         ; 0    ; 0            ; 0          ; |semaforo|lpm_divide:Mod1|lpm_divide_25o:auto_generated|abs_divider_4dg:divider|lpm_abs_8b9:my_abs_num ; lpm_abs_8b9     ; work         ;
+---------------------------------------+---------------------+---------------------------+-------------+------------+--------------+---------+-----------+------+--------------+------------+--------------------------------------------------------------------------------------------------------+-----------------+--------------+
Note: For table entries with two numbers listed, the numbers in parentheses indicate the number of resources of the given type used by the specific entity alone. The numbers listed outside of parentheses indicate the total resources of the given type used by the specific entity and all of its sub-entities in the hierarchy.


+----------------------------------------------------------------------------------------------------+
; User-Specified and Inferred Latches                                                                ;
+-----------------------------------------------------+---------------------+------------------------+
; Latch Name                                          ; Latch Enable Signal ; Free of Timing Hazards ;
+-----------------------------------------------------+---------------------+------------------------+
; decoder:dcd|traducao[0]                             ; GND                 ; yes                    ;
; decoder:dcd|traducao[1]                             ; GND                 ; yes                    ;
; decoder:dcd|traducao[2]                             ; GND                 ; yes                    ;
; decoder:dcd|traducao[3]                             ; GND                 ; yes                    ;
; decoder:dcd|traducao[4]                             ; GND                 ; yes                    ;
; decoder:dcd|traducao[5]                             ; GND                 ; yes                    ;
; decoder:dcd|traducao[6]                             ; GND                 ; yes                    ;
; decoder:dcd|traducao[7]                             ; GND                 ; yes                    ;
; decoder:dcd|traducao[8]                             ; GND                 ; yes                    ;
; decoder:dcd|traducao[9]                             ; GND                 ; yes                    ;
; Number of user-specified and inferred latches = 10  ;                     ;                        ;
+-----------------------------------------------------+---------------------+------------------------+
Note: All latches listed above may not be present at the end of synthesis due to various synthesis optimizations.


+------------------------------------------------------------+
; Registers Removed During Synthesis                         ;
+---------------------------------------+--------------------+
; Register name                         ; Reason for Removal ;
+---------------------------------------+--------------------+
; codigo[0]                             ; Lost fanout        ;
; Total Number of Removed Registers = 1 ;                    ;
+---------------------------------------+--------------------+


+------------------------------------------------------+
; General Register Statistics                          ;
+----------------------------------------------+-------+
; Statistic                                    ; Value ;
+----------------------------------------------+-------+
; Total registers                              ; 122   ;
; Number of registers using Synchronous Clear  ; 0     ;
; Number of registers using Synchronous Load   ; 32    ;
; Number of registers using Asynchronous Clear ; 1     ;
; Number of registers using Asynchronous Load  ; 0     ;
; Number of registers using Clock Enable       ; 37    ;
; Number of registers using Preset             ; 0     ;
+----------------------------------------------+-------+


+--------------------------------------------------+
; Inverted Register Statistics                     ;
+----------------------------------------+---------+
; Inverted Register                      ; Fan out ;
+----------------------------------------+---------+
; flip_flop:ff|Q                         ; 6       ;
; Total number of inverted registers = 1 ;         ;
+----------------------------------------+---------+


+-------------------------------------------------------------------------------------------------------------------------------------------------+
; Multiplexer Restructuring Statistics (Restructuring Performed)                                                                                  ;
+--------------------+-----------+---------------+----------------------+------------------------+------------+-----------------------------------+
; Multiplexer Inputs ; Bus Width ; Baseline Area ; Area if Restructured ; Saving if Restructured ; Registered ; Example Multiplexer Output        ;
+--------------------+-----------+---------------+----------------------+------------------------+------------+-----------------------------------+
; 3:1                ; 32 bits   ; 64 LEs        ; 32 LEs               ; 32 LEs                 ; Yes        ; |semaforo|cont1[11]               ;
; 4:1                ; 32 bits   ; 64 LEs        ; 64 LEs               ; 0 LEs                  ; Yes        ; |semaforo|cont2[31]               ;
; 3:1                ; 3 bits    ; 6 LEs         ; 3 LEs                ; 3 LEs                  ; No         ; |semaforo|decoder:dcd|traducao[4] ;
+--------------------+-----------+---------------+----------------------+------------------------+------------+-----------------------------------+


+------------------------------------------------------------------+
; Parameter Settings for Inferred Entity Instance: lpm_divide:Div0 ;
+------------------------+----------------+------------------------+
; Parameter Name         ; Value          ; Type                   ;
+------------------------+----------------+------------------------+
; LPM_WIDTHN             ; 32             ; Untyped                ;
; LPM_WIDTHD             ; 5              ; Untyped                ;
; LPM_NREPRESENTATION    ; SIGNED         ; Untyped                ;
; LPM_DREPRESENTATION    ; SIGNED         ; Untyped                ;
; LPM_PIPELINE           ; 0              ; Untyped                ;
; LPM_REMAINDERPOSITIVE  ; FALSE          ; Untyped                ;
; MAXIMIZE_SPEED         ; 5              ; Untyped                ;
; CBXI_PARAMETER         ; lpm_divide_fbo ; Untyped                ;
; CARRY_CHAIN            ; MANUAL         ; Untyped                ;
; OPTIMIZE_FOR_SPEED     ; 5              ; Untyped                ;
; AUTO_CARRY_CHAINS      ; ON             ; AUTO_CARRY             ;
; IGNORE_CARRY_BUFFERS   ; OFF            ; IGNORE_CARRY           ;
; AUTO_CASCADE_CHAINS    ; ON             ; AUTO_CASCADE           ;
; IGNORE_CASCADE_BUFFERS ; OFF            ; IGNORE_CASCADE         ;
+------------------------+----------------+------------------------+
Note: In order to hide this table in the UI and the text report file, please set the "Show Parameter Settings in Synthesis Report" option in "Analysis and Synthesis Settings -> More Settings" to "Off".


+------------------------------------------------------------------+
; Parameter Settings for Inferred Entity Instance: lpm_divide:Mod0 ;
+------------------------+----------------+------------------------+
; Parameter Name         ; Value          ; Type                   ;
+------------------------+----------------+------------------------+
; LPM_WIDTHN             ; 32             ; Untyped                ;
; LPM_WIDTHD             ; 32             ; Untyped                ;
; LPM_NREPRESENTATION    ; SIGNED         ; Untyped                ;
; LPM_DREPRESENTATION    ; SIGNED         ; Untyped                ;
; LPM_PIPELINE           ; 0              ; Untyped                ;
; LPM_REMAINDERPOSITIVE  ; FALSE          ; Untyped                ;
; MAXIMIZE_SPEED         ; 5              ; Untyped                ;
; CBXI_PARAMETER         ; lpm_divide_25o ; Untyped                ;
; CARRY_CHAIN            ; MANUAL         ; Untyped                ;
; OPTIMIZE_FOR_SPEED     ; 5              ; Untyped                ;
; AUTO_CARRY_CHAINS      ; ON             ; AUTO_CARRY             ;
; IGNORE_CARRY_BUFFERS   ; OFF            ; IGNORE_CARRY           ;
; AUTO_CASCADE_CHAINS    ; ON             ; AUTO_CASCADE           ;
; IGNORE_CASCADE_BUFFERS ; OFF            ; IGNORE_CASCADE         ;
+------------------------+----------------+------------------------+
Note: In order to hide this table in the UI and the text report file, please set the "Show Parameter Settings in Synthesis Report" option in "Analysis and Synthesis Settings -> More Settings" to "Off".


+------------------------------------------------------------------+
; Parameter Settings for Inferred Entity Instance: lpm_divide:Div1 ;
+------------------------+----------------+------------------------+
; Parameter Name         ; Value          ; Type                   ;
+------------------------+----------------+------------------------+
; LPM_WIDTHN             ; 32             ; Untyped                ;
; LPM_WIDTHD             ; 5              ; Untyped                ;
; LPM_NREPRESENTATION    ; SIGNED         ; Untyped                ;
; LPM_DREPRESENTATION    ; SIGNED         ; Untyped                ;
; LPM_PIPELINE           ; 0              ; Untyped                ;
; LPM_REMAINDERPOSITIVE  ; FALSE          ; Untyped                ;
; MAXIMIZE_SPEED         ; 5              ; Untyped                ;
; CBXI_PARAMETER         ; lpm_divide_fbo ; Untyped                ;
; CARRY_CHAIN            ; MANUAL         ; Untyped                ;
; OPTIMIZE_FOR_SPEED     ; 5              ; Untyped                ;
; AUTO_CARRY_CHAINS      ; ON             ; AUTO_CARRY             ;
; IGNORE_CARRY_BUFFERS   ; OFF            ; IGNORE_CARRY           ;
; AUTO_CASCADE_CHAINS    ; ON             ; AUTO_CASCADE           ;
; IGNORE_CASCADE_BUFFERS ; OFF            ; IGNORE_CASCADE         ;
+------------------------+----------------+------------------------+
Note: In order to hide this table in the UI and the text report file, please set the "Show Parameter Settings in Synthesis Report" option in "Analysis and Synthesis Settings -> More Settings" to "Off".


+------------------------------------------------------------------+
; Parameter Settings for Inferred Entity Instance: lpm_divide:Mod1 ;
+------------------------+----------------+------------------------+
; Parameter Name         ; Value          ; Type                   ;
+------------------------+----------------+------------------------+
; LPM_WIDTHN             ; 32             ; Untyped                ;
; LPM_WIDTHD             ; 32             ; Untyped                ;
; LPM_NREPRESENTATION    ; SIGNED         ; Untyped                ;
; LPM_DREPRESENTATION    ; SIGNED         ; Untyped                ;
; LPM_PIPELINE           ; 0              ; Untyped                ;
; LPM_REMAINDERPOSITIVE  ; FALSE          ; Untyped                ;
; MAXIMIZE_SPEED         ; 5              ; Untyped                ;
; CBXI_PARAMETER         ; lpm_divide_25o ; Untyped                ;
; CARRY_CHAIN            ; MANUAL         ; Untyped                ;
; OPTIMIZE_FOR_SPEED     ; 5              ; Untyped                ;
; AUTO_CARRY_CHAINS      ; ON             ; AUTO_CARRY             ;
; IGNORE_CARRY_BUFFERS   ; OFF            ; IGNORE_CARRY           ;
; AUTO_CASCADE_CHAINS    ; ON             ; AUTO_CASCADE           ;
; IGNORE_CASCADE_BUFFERS ; OFF            ; IGNORE_CASCADE         ;
+------------------------+----------------+------------------------+
Note: In order to hide this table in the UI and the text report file, please set the "Show Parameter Settings in Synthesis Report" option in "Analysis and Synthesis Settings -> More Settings" to "Off".


+-----------------------------------------------------+
; Port Connectivity Checks: "displayDecoder:displayE" ;
+---------------+-------+----------+------------------+
; Port          ; Type  ; Severity ; Details          ;
+---------------+-------+----------+------------------+
; numero[31..1] ; Input ; Info     ; Stuck at GND     ;
+---------------+-------+----------+------------------+


+---------------------------------------------------------------------------------+
; Port Connectivity Checks: "flip_flop:ff"                                        ;
+------+--------+----------+------------------------------------------------------+
; Port ; Type   ; Severity ; Details                                              ;
+------+--------+----------+------------------------------------------------------+
; d    ; Input  ; Info     ; Connecting a non-array bit to a single-element array ;
; q    ; Output ; Info     ; Connecting a non-array bit to a single-element array ;
+------+--------+----------+------------------------------------------------------+


+-----------------------------------------------------+
; Post-Synthesis Netlist Statistics for Top Partition ;
+-----------------------+-----------------------------+
; Type                  ; Count                       ;
+-----------------------+-----------------------------+
; boundary_port         ; 55                          ;
; cycloneiii_ff         ; 122                         ;
;     CLR               ; 1                           ;
;     ENA               ; 5                           ;
;     ENA SLD           ; 32                          ;
;     plain             ; 84                          ;
; cycloneiii_lcell_comb ; 4865                        ;
;     arith             ; 1600                        ;
;         1 data inputs ; 2                           ;
;         2 data inputs ; 212                         ;
;         3 data inputs ; 1386                        ;
;     normal            ; 3265                        ;
;         0 data inputs ; 122                         ;
;         1 data inputs ; 17                          ;
;         2 data inputs ; 1457                        ;
;         3 data inputs ; 79                          ;
;         4 data inputs ; 1590                        ;
;                       ;                             ;
; Max LUT depth         ; 134.10                      ;
; Average LUT depth     ; 114.47                      ;
+-----------------------+-----------------------------+


+-------------------------------+
; Elapsed Time Per Partition    ;
+----------------+--------------+
; Partition Name ; Elapsed Time ;
+----------------+--------------+
; Top            ; 00:00:13     ;
+----------------+--------------+


+-------------------------------+
; Analysis & Synthesis Messages ;
+-------------------------------+
Info: *******************************************************************
Info: Running Quartus Prime Analysis & Synthesis
    Info: Version 18.1.0 Build 625 09/12/2018 SJ Lite Edition
    Info: Processing started: Tue Jul 02 18:20:09 2019
Info: Command: quartus_map --read_settings_files=on --write_settings_files=off semaforo -c semaforo
Warning (18236): Number of processors has not been specified which may cause overloading on shared machines.  Set the global assignment NUM_PARALLEL_PROCESSORS in your QSF to an appropriate value for best performance.
Info (20030): Parallel compilation is enabled and will use 2 of the 2 processors detected
Info (12021): Found 2 design units, including 1 entities, in source file semaforo.vhd
    Info (12022): Found design unit 1: semaforo-arch File: C:/dev/vhdl/semaforo_inteligente/semaforo.vhd Line: 15
    Info (12023): Found entity 1: semaforo File: C:/dev/vhdl/semaforo_inteligente/semaforo.vhd Line: 5
Info (12021): Found 2 design units, including 1 entities, in source file flip_flop.vhd
    Info (12022): Found design unit 1: flip_flop-FFpD File: C:/dev/vhdl/semaforo_inteligente/flip_flop.vhd Line: 10
    Info (12023): Found entity 1: flip_flop File: C:/dev/vhdl/semaforo_inteligente/flip_flop.vhd Line: 5
Info (12021): Found 2 design units, including 1 entities, in source file divisor_freq.vhd
    Info (12022): Found design unit 1: divisor_freq-rtl File: C:/dev/vhdl/semaforo_inteligente/divisor_freq.vhd Line: 15
    Info (12023): Found entity 1: divisor_freq File: C:/dev/vhdl/semaforo_inteligente/divisor_freq.vhd Line: 5
Info (12021): Found 2 design units, including 1 entities, in source file decoder.vhd
    Info (12022): Found design unit 1: decoder-arch File: C:/dev/vhdl/semaforo_inteligente/decoder.vhd Line: 11
    Info (12023): Found entity 1: decoder File: C:/dev/vhdl/semaforo_inteligente/decoder.vhd Line: 4
Info (12127): Elaborating entity "semaforo" for the top level hierarchy
Info (12128): Elaborating entity "divisor_freq" for hierarchy "divisor_freq:clock_1sec" File: C:/dev/vhdl/semaforo_inteligente/semaforo.vhd Line: 55
Warning (12125): Using design file decoder_ff.vhd, which is not specified as a design file for the current project, but contains definitions for 2 design units and 1 entities in project
    Info (12022): Found design unit 1: decoder_ff-arch File: C:/dev/vhdl/semaforo_inteligente/decoder_ff.vhd Line: 11
    Info (12023): Found entity 1: decoder_ff File: C:/dev/vhdl/semaforo_inteligente/decoder_ff.vhd Line: 4
Info (12128): Elaborating entity "decoder_ff" for hierarchy "decoder_ff:dcd_ff" File: C:/dev/vhdl/semaforo_inteligente/semaforo.vhd Line: 60
Info (12128): Elaborating entity "flip_flop" for hierarchy "flip_flop:ff" File: C:/dev/vhdl/semaforo_inteligente/semaforo.vhd Line: 65
Warning (10492): VHDL Process Statement warning at flip_flop.vhd(16): signal "D" is read inside the Process Statement but isn't in the Process Statement's sensitivity list File: C:/dev/vhdl/semaforo_inteligente/flip_flop.vhd Line: 16
Info (12128): Elaborating entity "decoder" for hierarchy "decoder:dcd" File: C:/dev/vhdl/semaforo_inteligente/semaforo.vhd Line: 72
Info (10041): Inferred latch for "traducao[0]" at decoder.vhd(13) File: C:/dev/vhdl/semaforo_inteligente/decoder.vhd Line: 13
Info (10041): Inferred latch for "traducao[1]" at decoder.vhd(13) File: C:/dev/vhdl/semaforo_inteligente/decoder.vhd Line: 13
Info (10041): Inferred latch for "traducao[2]" at decoder.vhd(13) File: C:/dev/vhdl/semaforo_inteligente/decoder.vhd Line: 13
Info (10041): Inferred latch for "traducao[3]" at decoder.vhd(13) File: C:/dev/vhdl/semaforo_inteligente/decoder.vhd Line: 13
Info (10041): Inferred latch for "traducao[4]" at decoder.vhd(13) File: C:/dev/vhdl/semaforo_inteligente/decoder.vhd Line: 13
Info (10041): Inferred latch for "traducao[5]" at decoder.vhd(13) File: C:/dev/vhdl/semaforo_inteligente/decoder.vhd Line: 13
Info (10041): Inferred latch for "traducao[6]" at decoder.vhd(13) File: C:/dev/vhdl/semaforo_inteligente/decoder.vhd Line: 13
Info (10041): Inferred latch for "traducao[7]" at decoder.vhd(13) File: C:/dev/vhdl/semaforo_inteligente/decoder.vhd Line: 13
Info (10041): Inferred latch for "traducao[8]" at decoder.vhd(13) File: C:/dev/vhdl/semaforo_inteligente/decoder.vhd Line: 13
Info (10041): Inferred latch for "traducao[9]" at decoder.vhd(13) File: C:/dev/vhdl/semaforo_inteligente/decoder.vhd Line: 13
Warning (12125): Using design file displaydecoder.vhd, which is not specified as a design file for the current project, but contains definitions for 2 design units and 1 entities in project
    Info (12022): Found design unit 1: displayDecoder-arcg File: C:/dev/vhdl/semaforo_inteligente/displaydecoder.vhd Line: 11
    Info (12023): Found entity 1: displayDecoder File: C:/dev/vhdl/semaforo_inteligente/displaydecoder.vhd Line: 4
Info (12128): Elaborating entity "displayDecoder" for hierarchy "displayDecoder:displayA" File: C:/dev/vhdl/semaforo_inteligente/semaforo.vhd Line: 77
Info (278001): Inferred 4 megafunctions from design logic
    Info (278004): Inferred divider/modulo megafunction ("lpm_divide") from the following logic: "Div0" File: C:/dev/vhdl/semaforo_inteligente/semaforo.vhd Line: 78
    Info (278004): Inferred divider/modulo megafunction ("lpm_divide") from the following logic: "Mod0" File: C:/dev/vhdl/semaforo_inteligente/semaforo.vhd Line: 83
    Info (278004): Inferred divider/modulo megafunction ("lpm_divide") from the following logic: "Div1" File: C:/dev/vhdl/semaforo_inteligente/semaforo.vhd Line: 88
    Info (278004): Inferred divider/modulo megafunction ("lpm_divide") from the following logic: "Mod1" File: C:/dev/vhdl/semaforo_inteligente/semaforo.vhd Line: 93
Info (12130): Elaborated megafunction instantiation "lpm_divide:Div0" File: C:/dev/vhdl/semaforo_inteligente/semaforo.vhd Line: 78
Info (12133): Instantiated megafunction "lpm_divide:Div0" with the following parameter: File: C:/dev/vhdl/semaforo_inteligente/semaforo.vhd Line: 78
    Info (12134): Parameter "LPM_WIDTHN" = "32"
    Info (12134): Parameter "LPM_WIDTHD" = "5"
    Info (12134): Parameter "LPM_NREPRESENTATION" = "SIGNED"
    Info (12134): Parameter "LPM_DREPRESENTATION" = "SIGNED"
    Info (12134): Parameter "LPM_HINT" = "LPM_REMAINDERPOSITIVE=FALSE"
Info (12021): Found 1 design units, including 1 entities, in source file db/lpm_divide_fbo.tdf
    Info (12023): Found entity 1: lpm_divide_fbo File: C:/dev/vhdl/semaforo_inteligente/db/lpm_divide_fbo.tdf Line: 24
Info (12021): Found 1 design units, including 1 entities, in source file db/abs_divider_kbg.tdf
    Info (12023): Found entity 1: abs_divider_kbg File: C:/dev/vhdl/semaforo_inteligente/db/abs_divider_kbg.tdf Line: 28
Info (12021): Found 1 design units, including 1 entities, in source file db/alt_u_div_she.tdf
    Info (12023): Found entity 1: alt_u_div_she File: C:/dev/vhdl/semaforo_inteligente/db/alt_u_div_she.tdf Line: 26
Info (12021): Found 1 design units, including 1 entities, in source file db/add_sub_t3c.tdf
    Info (12023): Found entity 1: add_sub_t3c File: C:/dev/vhdl/semaforo_inteligente/db/add_sub_t3c.tdf Line: 22
Info (12021): Found 1 design units, including 1 entities, in source file db/add_sub_u3c.tdf
    Info (12023): Found entity 1: add_sub_u3c File: C:/dev/vhdl/semaforo_inteligente/db/add_sub_u3c.tdf Line: 22
Info (12021): Found 1 design units, including 1 entities, in source file db/lpm_abs_o99.tdf
    Info (12023): Found entity 1: lpm_abs_o99 File: C:/dev/vhdl/semaforo_inteligente/db/lpm_abs_o99.tdf Line: 24
Info (12021): Found 1 design units, including 1 entities, in source file db/lpm_abs_8b9.tdf
    Info (12023): Found entity 1: lpm_abs_8b9 File: C:/dev/vhdl/semaforo_inteligente/db/lpm_abs_8b9.tdf Line: 24
Info (12130): Elaborated megafunction instantiation "lpm_divide:Mod0" File: C:/dev/vhdl/semaforo_inteligente/semaforo.vhd Line: 83
Info (12133): Instantiated megafunction "lpm_divide:Mod0" with the following parameter: File: C:/dev/vhdl/semaforo_inteligente/semaforo.vhd Line: 83
    Info (12134): Parameter "LPM_WIDTHN" = "32"
    Info (12134): Parameter "LPM_WIDTHD" = "32"
    Info (12134): Parameter "LPM_NREPRESENTATION" = "SIGNED"
    Info (12134): Parameter "LPM_DREPRESENTATION" = "SIGNED"
    Info (12134): Parameter "LPM_HINT" = "LPM_REMAINDERPOSITIVE=FALSE"
Info (12021): Found 1 design units, including 1 entities, in source file db/lpm_divide_25o.tdf
    Info (12023): Found entity 1: lpm_divide_25o File: C:/dev/vhdl/semaforo_inteligente/db/lpm_divide_25o.tdf Line: 24
Info (12021): Found 1 design units, including 1 entities, in source file db/abs_divider_4dg.tdf
    Info (12023): Found entity 1: abs_divider_4dg File: C:/dev/vhdl/semaforo_inteligente/db/abs_divider_4dg.tdf Line: 26
Info (12021): Found 1 design units, including 1 entities, in source file db/alt_u_div_ske.tdf
    Info (12023): Found entity 1: alt_u_div_ske File: C:/dev/vhdl/semaforo_inteligente/db/alt_u_div_ske.tdf Line: 26
Info (13014): Ignored 124 buffer(s)
    Info (13016): Ignored 124 CARRY_SUM buffer(s)
Info (13000): Registers with preset signals will power-up high File: C:/dev/vhdl/semaforo_inteligente/flip_flop.vhd Line: 7
Info (13003): DEV_CLRn pin will set, and not reset, register with preset signal due to NOT Gate Push-Back
Warning (13024): Output pins are stuck at VCC or GND
    Warning (13410): Pin "display1[0]" is stuck at VCC File: C:/dev/vhdl/semaforo_inteligente/semaforo.vhd Line: 11
    Warning (13410): Pin "display2[0]" is stuck at VCC File: C:/dev/vhdl/semaforo_inteligente/semaforo.vhd Line: 11
    Warning (13410): Pin "display3[0]" is stuck at VCC File: C:/dev/vhdl/semaforo_inteligente/semaforo.vhd Line: 11
    Warning (13410): Pin "display4[0]" is stuck at VCC File: C:/dev/vhdl/semaforo_inteligente/semaforo.vhd Line: 11
    Warning (13410): Pin "display5[0]" is stuck at VCC File: C:/dev/vhdl/semaforo_inteligente/semaforo.vhd Line: 11
    Warning (13410): Pin "display5[1]" is stuck at VCC File: C:/dev/vhdl/semaforo_inteligente/semaforo.vhd Line: 11
    Warning (13410): Pin "display5[5]" is stuck at GND File: C:/dev/vhdl/semaforo_inteligente/semaforo.vhd Line: 11
    Warning (13410): Pin "display5[6]" is stuck at GND File: C:/dev/vhdl/semaforo_inteligente/semaforo.vhd Line: 11
Info (286030): Timing-Driven Synthesis is running
Info (17049): 1 registers lost all their fanouts during netlist optimizations.
Info (16010): Generating hard_block partition "hard_block:auto_generated_inst"
    Info (16011): Adding 0 node(s), including 0 DDIO, 0 PLL, 0 transceiver and 0 LCELL
Info (21057): Implemented 4907 device resources after synthesis - the final resource count might be different
    Info (21058): Implemented 2 input pins
    Info (21059): Implemented 53 output pins
    Info (21061): Implemented 4852 logic cells
Info: Quartus Prime Analysis & Synthesis was successful. 0 errors, 13 warnings
    Info: Peak virtual memory: 4886 megabytes
    Info: Processing ended: Tue Jul 02 18:21:23 2019
    Info: Elapsed time: 00:01:14
    Info: Total CPU time (on all processors): 00:01:08


